<?xml version="1.0" encoding="UTF-8"?>
<testsuite name="com.example.sailing_jsp_dev.comm.JdbcMariaDbConnTest" tests="1" skipped="0" failures="0" errors="0" timestamp="2023-01-30T08:42:55" hostname="SAJ09210004" time="0.115">
  <properties/>
  <testcase name="doConn()" classname="com.example.sailing_jsp_dev.comm.JdbcMariaDbConnTest" time="0.115"/>
  <system-out><![CDATA[===============================================111
===============================================222
===============================================333
17:42:55.469 [Test worker] DEBUG org.mariadb.jdbc.client.impl.StandardClient - execute query: set autocommit=0
17:42:55.473 [Test worker] DEBUG org.mariadb.jdbc.message.server.OkPacket - System variable change:  autocommit = OFF
Connection Success
===============================================
select * from coffee_menu
17:42:55.479 [Test worker] DEBUG org.mariadb.jdbc.client.impl.StandardClient - execute query: select * from coffee_menu
Name : 아메리카노, kind : 커피, price : 5000 
Name : 카페라떼, kind : 커피, price : 5000 
Name : 카푸치노, kind : 커피, price : 3000 
Name : 그린티, kind : 논커피, price : 3500 
Name : 초코라떼, kind : 논커피, price : 4000 
Name : 파인애플, kind : 에이드, price : 3000 
Name : 제주한라봉, kind : 에이드, price : 3000 
Name : 오렌지, kind : 에이드, price : 3000 
===============================================
17:42:55.483 [Test worker] DEBUG org.mariadb.jdbc.client.impl.StandardClient - execute query: insert into coffee_menu_log(coffee_no, price) values (1234, 9876)
17:42:55.484 [Test worker] WARN org.mariadb.jdbc.message.server.ErrorPacket - Error: 1146-42S02: Table 'boot.coffee_menu_log' doesn't exist
SqlException :(conn=244) Table 'boot.coffee_menu_log' doesn't exist
]]></system-out>
  <system-err><![CDATA[]]></system-err>
</testsuite>
