<?xml version="1.0" encoding="UTF-8"?>
<testsuite name="com.boot.sailing.comm.JdbcMariaDbConnTest" tests="1" skipped="0" failures="0" errors="0" timestamp="2023-03-13T02:09:14" hostname="SAJ09210004" time="0.059">
  <properties/>
  <testcase name="doConn()" classname="com.boot.sailing.comm.JdbcMariaDbConnTest" time="0.059"/>
  <system-out><![CDATA[11:09:14.842 [Test worker] DEBUG log4jdbc.debug - log4jdbc-logj2 properties initialization...
11:09:14.845 [Test worker] DEBUG log4jdbc.debug - Using logger: net.sf.log4jdbc.log.slf4j.Slf4jSpyLogDelegator
11:09:14.845 [Test worker] DEBUG log4jdbc.debug - x log4jdbc.debug.stack.prefix is not defined
11:09:14.845 [Test worker] DEBUG log4jdbc.debug - x log4jdbc.sqltiming.warn.threshold is not defined
11:09:14.845 [Test worker] DEBUG log4jdbc.debug - x log4jdbc.sqltiming.error.threshold is not defined
11:09:14.846 [Test worker] DEBUG log4jdbc.debug - x log4jdbc.dump.booleanastruefalse is not defined (using default value false)
11:09:14.846 [Test worker] DEBUG log4jdbc.debug -   log4jdbc.dump.sql.maxlinelength = 0
11:09:14.846 [Test worker] DEBUG log4jdbc.debug - x log4jdbc.dump.fulldebugstacktrace is not defined (using default value false)
11:09:14.846 [Test worker] DEBUG log4jdbc.debug - x log4jdbc.statement.warn is not defined (using default value false)
11:09:14.846 [Test worker] DEBUG log4jdbc.debug - x log4jdbc.dump.sql.select is not defined (using default value true)
11:09:14.846 [Test worker] DEBUG log4jdbc.debug - x log4jdbc.dump.sql.insert is not defined (using default value true)
11:09:14.846 [Test worker] DEBUG log4jdbc.debug - x log4jdbc.dump.sql.update is not defined (using default value true)
11:09:14.846 [Test worker] DEBUG log4jdbc.debug - x log4jdbc.dump.sql.delete is not defined (using default value true)
11:09:14.846 [Test worker] DEBUG log4jdbc.debug - x log4jdbc.dump.sql.create is not defined (using default value true)
11:09:14.846 [Test worker] DEBUG log4jdbc.debug - x log4jdbc.dump.sql.addsemicolon is not defined (using default value false)
11:09:14.846 [Test worker] DEBUG log4jdbc.debug - x log4jdbc.auto.load.popular.drivers is not defined (using default value true)
11:09:14.846 [Test worker] DEBUG log4jdbc.debug - x log4jdbc.drivers is not defined
11:09:14.846 [Test worker] DEBUG log4jdbc.debug - x log4jdbc.trim.sql is not defined (using default value true)
11:09:14.846 [Test worker] DEBUG log4jdbc.debug - x log4jdbc.trim.sql.extrablanklines is not defined (using default value true)
11:09:14.847 [Test worker] DEBUG log4jdbc.debug - x log4jdbc.suppress.generated.keys.exception is not defined (using default value false)
11:09:14.847 [Test worker] DEBUG log4jdbc.debug - log4jdbc-logj2 properties initialization done.
11:09:14.847 [Test worker] DEBUG log4jdbc.debug - DriverSpy intialization...
11:09:14.849 [Test worker] DEBUG log4jdbc.debug - WARNING!  log4jdbc couldn't find any underlying jdbc drivers.
11:09:14.850 [Test worker] DEBUG log4jdbc.debug - DriverSpy intialization done.
null
]]></system-out>
  <system-err><![CDATA[]]></system-err>
</testsuite>
